***************************************
LOG STARTED: Tue, 04 Sep 2018 12:57:12
***************************************
LOG STARTED: Tue, 04 Sep 2018 12:57:22
***************************************
LOG STARTED: Tue, 04 Sep 2018 12:57:47
***************************************
LOG STARTED: Tue, 04 Sep 2018 12:58:08
***************************************
LOG STARTED: Tue, 04 Sep 2018 13:03:13
***************************************
LOG STARTED: Tue, 04 Sep 2018 13:03:25
***************************************
LOG STARTED: Tue, 04 Sep 2018 13:28:01
***************************************
LOG STARTED: Tue, 04 Sep 2018 14:06:13
***************************************
LOG STARTED: Tue, 04 Sep 2018 14:06:57
***************************************
LOG STARTED: Tue, 04 Sep 2018 19:00:00
TestVector d1: 01, tu=100.0, per=2, r=1, s=100.0, pd=5.0
TestVector d2: 101, tu=100.0, per=3, r=1, s=100.0, pd=5.0
***************************************
LOG STARTED: Tue, 04 Sep 2018 19:00:06
TestVector d1: 01, tu=100.0, per=2, r=1, s=100.0, pd=5.0
TestVector d2: 101, tu=100.0, per=3, r=1, s=100.0, pd=5.0
***************************************
LOG STARTED: Tue, 04 Sep 2018 19:28:00
TestVector d1: 01, tu=100.0, per=2, r=1, s=100.0, pd=5.0
TestVector d2: 101, tu=100.0, per=3, r=1, s=100.0, pd=5.0
***************************************
LOG STARTED: Tue, 04 Sep 2018 19:29:15
TestVector d1: 01, tu=100.0, per=2, r=1, s=100.0, pd=5.0
TestVector d2: 101, tu=100.0, per=3, r=1, s=100.0, pd=5.0
***************************************
LOG STARTED: Tue, 04 Sep 2018 19:30:27
***************************************
LOG STARTED: Tue, 04 Sep 2018 19:31:16
***************************************
LOG STARTED: Tue, 04 Sep 2018 19:33:25
***************************************
LOG STARTED: Tue, 04 Sep 2018 19:34:05
***************************************
LOG STARTED: Tue, 04 Sep 2018 19:35:49
***************************************
LOG STARTED: Tue, 04 Sep 2018 19:36:43
***************************************
LOG STARTED: Wed, 12 Sep 2018 11:59:26
***************************************
LOG STARTED: Wed, 12 Sep 2018 12:03:09
***************************************
LOG STARTED: Wed, 12 Sep 2018 12:10:27
***************************************
LOG STARTED: Wed, 12 Sep 2018 12:21:51
***************************************
LOG STARTED: Thu, 13 Sep 2018 14:08:31
***************************************
LOG STARTED: Thu, 13 Sep 2018 14:08:36
***************************************
LOG STARTED: Thu, 13 Sep 2018 14:09:04
***************************************
LOG STARTED: Thu, 13 Sep 2018 17:46:14
***************************************
LOG STARTED: Thu, 13 Sep 2018 17:47:45
