***************************************
LOG STARTED: Fri, 27 Jul 2018 14:20:53
***************************************
LOG STARTED: Fri, 27 Jul 2018 14:21:05
***************************************
LOG STARTED: Fri, 27 Jul 2018 14:21:20
***************************************
LOG STARTED: Fri, 27 Jul 2018 14:23:26
***************************************
LOG STARTED: Fri, 27 Jul 2018 14:25:11
***************************************
LOG STARTED: Fri, 27 Jul 2018 14:44:23
***************************************
LOG STARTED: Fri, 27 Jul 2018 14:45:16
***************************************
LOG STARTED: Fri, 27 Jul 2018 14:46:11
***************************************
LOG STARTED: Fri, 27 Jul 2018 14:47:58
***************************************
LOG STARTED: Fri, 27 Jul 2018 14:50:06
***************************************
LOG STARTED: Fri, 27 Jul 2018 14:51:23
***************************************
LOG STARTED: Fri, 27 Jul 2018 14:52:11
***************************************
LOG STARTED: Fri, 27 Jul 2018 14:53:46
***************************************
LOG STARTED: Fri, 27 Jul 2018 15:11:47
***************************************
LOG STARTED: Fri, 27 Jul 2018 15:12:50
***************************************
LOG STARTED: Fri, 27 Jul 2018 15:13:03
***************************************
LOG STARTED: Fri, 27 Jul 2018 15:13:14
***************************************
LOG STARTED: Fri, 27 Jul 2018 15:13:23
***************************************
LOG STARTED: Fri, 27 Jul 2018 15:13:39
***************************************
LOG STARTED: Fri, 27 Jul 2018 15:13:54
***************************************
LOG STARTED: Fri, 27 Jul 2018 15:14:09
***************************************
LOG STARTED: Fri, 27 Jul 2018 15:14:18
***************************************
LOG STARTED: Fri, 27 Jul 2018 15:14:28
***************************************
LOG STARTED: Fri, 27 Jul 2018 15:14:38
***************************************
LOG STARTED: Fri, 27 Jul 2018 15:14:58
***************************************
LOG STARTED: Fri, 27 Jul 2018 15:15:37
***************************************
LOG STARTED: Fri, 27 Jul 2018 15:15:54
***************************************
LOG STARTED: Fri, 27 Jul 2018 15:16:08
***************************************
LOG STARTED: Fri, 27 Jul 2018 15:17:14
***************************************
LOG STARTED: Fri, 27 Jul 2018 15:18:54
***************************************
LOG STARTED: Fri, 27 Jul 2018 15:19:04
***************************************
LOG STARTED: Fri, 27 Jul 2018 15:21:06
***************************************
LOG STARTED: Fri, 27 Jul 2018 15:22:29
***************************************
LOG STARTED: Fri, 27 Jul 2018 15:22:59
***************************************
LOG STARTED: Fri, 27 Jul 2018 15:27:27
***************************************
LOG STARTED: Fri, 27 Jul 2018 15:50:27
***************************************
LOG STARTED: Fri, 27 Jul 2018 15:57:14
***************************************
LOG STARTED: Fri, 27 Jul 2018 15:58:10
***************************************
LOG STARTED: Fri, 27 Jul 2018 15:58:32
***************************************
LOG STARTED: Fri, 27 Jul 2018 16:05:13
***************************************
LOG STARTED: Fri, 27 Jul 2018 16:05:29
***************************************
LOG STARTED: Fri, 27 Jul 2018 16:05:37
***************************************
LOG STARTED: Fri, 27 Jul 2018 16:08:58
***************************************
LOG STARTED: Fri, 27 Jul 2018 16:12:30
***************************************
LOG STARTED: Fri, 27 Jul 2018 16:13:00
***************************************
LOG STARTED: Fri, 27 Jul 2018 16:13:09
***************************************
LOG STARTED: Fri, 27 Jul 2018 16:15:04
***************************************
LOG STARTED: Fri, 27 Jul 2018 16:16:45
***************************************
LOG STARTED: Fri, 27 Jul 2018 16:21:08
***************************************
LOG STARTED: Fri, 27 Jul 2018 16:38:24
***************************************
LOG STARTED: Fri, 27 Jul 2018 16:38:37
***************************************
LOG STARTED: Fri, 27 Jul 2018 16:40:30
***************************************
LOG STARTED: Fri, 27 Jul 2018 16:40:50
***************************************
LOG STARTED: Fri, 27 Jul 2018 16:41:24
***************************************
LOG STARTED: Mon, 30 Jul 2018 11:48:57
***************************************
LOG STARTED: Mon, 30 Jul 2018 11:49:08
***************************************
LOG STARTED: Mon, 30 Jul 2018 12:31:57
***************************************
LOG STARTED: Mon, 30 Jul 2018 13:45:10
***************************************
LOG STARTED: Mon, 30 Jul 2018 13:46:39
***************************************
LOG STARTED: Mon, 30 Jul 2018 13:47:14
***************************************
LOG STARTED: Mon, 30 Jul 2018 13:47:50
***************************************
LOG STARTED: Mon, 30 Jul 2018 13:49:38
***************************************
LOG STARTED: Mon, 30 Jul 2018 13:50:18
***************************************
LOG STARTED: Mon, 30 Jul 2018 14:08:09
***************************************
LOG STARTED: Mon, 30 Jul 2018 14:10:25
***************************************
LOG STARTED: Mon, 30 Jul 2018 14:10:48
***************************************
LOG STARTED: Mon, 30 Jul 2018 14:11:24
***************************************
LOG STARTED: Mon, 30 Jul 2018 14:12:13
***************************************
LOG STARTED: Mon, 30 Jul 2018 14:13:50
***************************************
LOG STARTED: Mon, 30 Jul 2018 14:14:07
***************************************
LOG STARTED: Mon, 30 Jul 2018 14:35:53
***************************************
LOG STARTED: Mon, 30 Jul 2018 14:38:09
***************************************
LOG STARTED: Mon, 30 Jul 2018 14:40:38
***************************************
LOG STARTED: Mon, 30 Jul 2018 14:41:33
***************************************
LOG STARTED: Mon, 30 Jul 2018 14:41:54
***************************************
LOG STARTED: Mon, 30 Jul 2018 14:42:15
***************************************
LOG STARTED: Mon, 30 Jul 2018 14:42:32
***************************************
LOG STARTED: Mon, 30 Jul 2018 14:44:50
***************************************
LOG STARTED: Mon, 30 Jul 2018 14:48:03
***************************************
LOG STARTED: Mon, 30 Jul 2018 14:50:42
***************************************
LOG STARTED: Mon, 30 Jul 2018 14:52:56
***************************************
LOG STARTED: Mon, 30 Jul 2018 14:53:51
***************************************
LOG STARTED: Mon, 30 Jul 2018 17:21:24
***************************************
LOG STARTED: Mon, 30 Jul 2018 19:10:37
***************************************
LOG STARTED: Wed, 01 Aug 2018 11:13:21
***************************************
LOG STARTED: Wed, 01 Aug 2018 11:17:23
***************************************
LOG STARTED: Wed, 01 Aug 2018 11:21:27
***************************************
LOG STARTED: Wed, 01 Aug 2018 11:43:08
***************************************
LOG STARTED: Wed, 01 Aug 2018 11:43:45
***************************************
LOG STARTED: Wed, 01 Aug 2018 11:46:00
***************************************
LOG STARTED: Wed, 01 Aug 2018 11:49:27
***************************************
LOG STARTED: Wed, 01 Aug 2018 11:50:46
***************************************
LOG STARTED: Wed, 01 Aug 2018 11:53:16
***************************************
LOG STARTED: Wed, 01 Aug 2018 11:53:26
***************************************
LOG STARTED: Wed, 01 Aug 2018 11:54:10
***************************************
LOG STARTED: Wed, 01 Aug 2018 11:55:21
***************************************
LOG STARTED: Wed, 01 Aug 2018 11:56:04
***************************************
LOG STARTED: Wed, 01 Aug 2018 12:04:53
***************************************
LOG STARTED: Wed, 01 Aug 2018 12:05:40
***************************************
LOG STARTED: Wed, 01 Aug 2018 12:05:53
***************************************
LOG STARTED: Wed, 01 Aug 2018 12:11:06
***************************************
LOG STARTED: Wed, 01 Aug 2018 12:11:17
***************************************
LOG STARTED: Wed, 01 Aug 2018 12:12:36
***************************************
LOG STARTED: Wed, 01 Aug 2018 13:00:45
***************************************
LOG STARTED: Wed, 01 Aug 2018 13:05:28
***************************************
LOG STARTED: Wed, 01 Aug 2018 13:09:04
***************************************
LOG STARTED: Wed, 01 Aug 2018 13:09:36
***************************************
LOG STARTED: Wed, 01 Aug 2018 13:10:00
***************************************
LOG STARTED: Wed, 01 Aug 2018 13:11:54
***************************************
LOG STARTED: Wed, 01 Aug 2018 13:13:41
***************************************
LOG STARTED: Wed, 01 Aug 2018 13:24:22
***************************************
LOG STARTED: Wed, 01 Aug 2018 15:26:34
***************************************
LOG STARTED: Wed, 01 Aug 2018 15:27:14
***************************************
LOG STARTED: Wed, 01 Aug 2018 15:52:15
***************************************
LOG STARTED: Wed, 01 Aug 2018 15:54:05
***************************************
LOG STARTED: Wed, 01 Aug 2018 16:01:32
***************************************
LOG STARTED: Wed, 01 Aug 2018 16:03:28
***************************************
LOG STARTED: Wed, 01 Aug 2018 16:11:54
***************************************
LOG STARTED: Wed, 01 Aug 2018 16:13:56
***************************************
LOG STARTED: Wed, 01 Aug 2018 16:15:01
***************************************
LOG STARTED: Wed, 01 Aug 2018 16:16:43
***************************************
LOG STARTED: Wed, 01 Aug 2018 16:18:15
***************************************
LOG STARTED: Wed, 01 Aug 2018 16:31:32
***************************************
LOG STARTED: Wed, 01 Aug 2018 16:33:48
***************************************
LOG STARTED: Wed, 01 Aug 2018 16:35:09
***************************************
LOG STARTED: Wed, 01 Aug 2018 16:55:34
***************************************
LOG STARTED: Wed, 01 Aug 2018 16:55:50
***************************************
LOG STARTED: Thu, 02 Aug 2018 11:52:10
***************************************
LOG STARTED: Thu, 02 Aug 2018 11:59:14
***************************************
LOG STARTED: Thu, 02 Aug 2018 12:54:16
***************************************
LOG STARTED: Thu, 02 Aug 2018 15:33:33
***************************************
LOG STARTED: Thu, 02 Aug 2018 16:06:15
***************************************
LOG STARTED: Thu, 02 Aug 2018 16:06:29
***************************************
LOG STARTED: Thu, 02 Aug 2018 16:20:04
***************************************
LOG STARTED: Thu, 02 Aug 2018 16:20:45
***************************************
LOG STARTED: Thu, 02 Aug 2018 16:37:35
***************************************
LOG STARTED: Thu, 02 Aug 2018 17:27:14
***************************************
LOG STARTED: Thu, 02 Aug 2018 17:27:28
***************************************
LOG STARTED: Thu, 02 Aug 2018 17:45:08
***************************************
LOG STARTED: Thu, 02 Aug 2018 17:46:36
***************************************
LOG STARTED: Thu, 02 Aug 2018 17:48:13
***************************************
LOG STARTED: Thu, 02 Aug 2018 17:49:26
***************************************
LOG STARTED: Fri, 03 Aug 2018 12:18:12
***************************************
LOG STARTED: Fri, 03 Aug 2018 12:27:02
***************************************
LOG STARTED: Fri, 03 Aug 2018 12:40:14
***************************************
LOG STARTED: Fri, 03 Aug 2018 12:40:33
***************************************
LOG STARTED: Fri, 03 Aug 2018 13:14:48
***************************************
LOG STARTED: Fri, 03 Aug 2018 13:24:46
Parameters to change: 
fjtl.j1 = 2.00 range [1.00,3.00]
fjtl.i1 = 2.50 range [1.00,3.00]
Calculate initial margins:

--------------
Margins for xj: -0.0%/+0.0%
ERROR: Non-operating initial point!
***************************************
LOG STARTED: Fri, 03 Aug 2018 13:45:48
WARNING: Parameter root.ic has too small initial value. Ignored!
Parameters to change: 
fjtl.i1 = 2.50 range [2.00,3.00]
Calculate initial margins:

--------------
Margins for xj: -0.9%/+17.5%
--------------


Optimizing parameter xj
Initial margins -0.9%/+17.5% (required -25.0%/+25.0%)
Change step to 0.50
Change step to 0.25
Change step to 0.10
Change step to 0.05
--------------------------------
Parameters:
--------------------------------
Margins:
xj	-0.9% / +17.5%	(required -25.0% / +25.0%)
--------------------------------
Optimization is finished.
=========================
WARNING: Current value of parameter root.ic (-0.20) is not within its limits [0.00 - -0.40]
WARNING: Parameter root.ic has too small initial value. Ignored!
Parameters to change: 
fjtl.i1 = 2.50 range [2.00,3.00]
Calculate initial margins:

--------------
Margins for xj: -0.9%/+17.5%
--------------


Optimizing parameter xj
Initial margins -0.9%/+17.5% (required -25.0%/+25.0%)
Change step to 0.50
Break optimization
--------------------------------
Parameters:
--------------------------------
Margins:
xj	-0.9% / +17.5%	(required -25.0% / +25.0%)
--------------------------------
Optimization is finished.
=========================
***************************************
LOG STARTED: Fri, 03 Aug 2018 13:49:50
***************************************
LOG STARTED: Fri, 03 Aug 2018 13:57:20
Parameters to change: 
fjtl.i1 = 2.50 range [1.00,3.00]
root.ic = 0.20 range [0.00,0.40]
Calculate initial margins:

--------------
Margins for xj: -0.9%/+17.5%
--------------


Optimizing parameter xj
Initial margins -0.9%/+17.5% (required -25.0%/+25.0%)
Change step to 0.50
Change step to 0.25
Change step to 0.10
Parameter root.ic: 0.20  ->  0.22
Accepted
Margins for xj: -0.9%/+29.5%
Change step to 0.05

--------------
Margins for xj: -0.9%/+29.5%
--------------


Optimizing parameter xj
Initial margins -0.9%/+29.5% (required -25.0%/+25.0%)
Change step to 0.50
Change step to 0.25
Change step to 0.10
Change step to 0.05
--------------------------------
Parameters:
root.ic	0.20 -> 0.22
--------------------------------
Margins:
xj	-0.9% / +29.5%	(required -25.0% / +25.0%)
--------------------------------
Optimization is finished.
=========================
Parameters to change: 
.jtlclk.xi = 1.00 range [0.10,10.00]
.jtlclk.xj = 1.00 range [0.10,10.00]
.jtlclk.xl = 1.00 range [0.10,10.00]
Calculate initial margins:

--------------
Margins for xj: -0.9%/+29.5%
--------------


Optimizing parameter xj
Initial margins -0.9%/+29.5% (required -25.0%/+25.0%)
Change step to 0.50
Change step to 0.25
Change step to 0.10
Break optimization
--------------------------------
Parameters:
--------------------------------
Margins:
xj	-0.9% / +29.5%	(required -25.0% / +25.0%)
--------------------------------
Optimization is finished.
=========================
Parameters to change: 
fjtl.i1 = 2.50 range [1.50,3.50]
fjtl.j1 = 2.00 range [1.00,3.00]
root.ic = 0.22 range [0.00,0.40]
root.j1 = 0.40 range [0.20,0.60]
root.l1 = 0.60 range [0.40,0.80]
Calculate initial margins:

--------------
Margins for xj: -0.9%/+29.5%
--------------


Optimizing parameter xj
Initial margins -0.9%/+29.5% (required -25.0%/+25.0%)
Change step to 0.50
Change step to 0.25
Change step to 0.10
Parameter root.l1: 0.60  ->  0.54
Accepted
Margins for xj: -4.9%/+25.4%
Change step to 0.05

--------------
Margins for xj: -4.9%/+25.4%
--------------


Optimizing parameter xj
Initial margins -4.9%/+25.4% (required -25.0%/+25.0%)
Change step to 0.50
Change step to 0.25
Change step to 0.10
Change step to 0.05
--------------------------------
Parameters:
root.l1	0.60 -> 0.54
--------------------------------
Margins:
xj	-4.9% / +25.4%	(required -25.0% / +25.0%)
--------------------------------
Optimization is finished.
=========================
Parameters to change: 
ptl5.j1 = 0.40 range [0.10,0.60]
ptl5.l1 = 0.60 range [0.20,1.00]
Calculate initial margins:

--------------
Margins for xj: -4.9%/+25.4%
--------------


Optimizing parameter xj
Initial margins -4.9%/+25.4% (required -25.0%/+25.0%)
Change step to 0.50
Change step to 0.25
Change step to 0.10
Change step to 0.05
--------------------------------
Parameters:
--------------------------------
Margins:
xj	-4.9% / +25.4%	(required -25.0% / +25.0%)
--------------------------------
Optimization is finished.
=========================
Parameters to change: 
ptl5.j1 = 0.40 range [0.10,0.60]
ptl5.l1 = 0.60 range [0.20,1.00]
Calculate initial margins:

--------------
Margins for xl: -40.0%/+13.5%
--------------


Optimizing parameter xl
Initial margins -40.0%/+13.5% (required -30.0%/+30.0%)
Change step to 0.50
Change step to 0.25
Change step to 0.10
Parameter ptl5.l1: 0.60  ->  0.66
Accepted
Margins for xl: -40.0%/+23.5%
Change step to 0.05
Parameter ptl5.l1: 0.66  ->  0.69
Accepted
Margins for xl: -30.6%/+28.1%

--------------
Margins for xl: -30.6%/+28.1%
--------------


Optimizing parameter xl
Initial margins -30.6%/+28.1% (required -30.0%/+30.0%)
Change step to 0.50
Change step to 0.25
Change step to 0.10
Change step to 0.05
--------------------------------
Parameters:
ptl5.l1	0.60 -> 0.69
--------------------------------
Margins:
xl	-30.6% / +28.1%	(required -30.0% / +30.0%)
--------------------------------
Optimization is finished.
=========================
Parameters to change: 
ptl5.j1 = 0.40 range [0.10,0.60]
Calculate initial margins:

--------------
Margins for xj: -0.0%/+0.0%
ERROR: Non-operating initial point!
Parameters to change: 
ptl5.j1 = 0.40 range [0.10,0.60]
Calculate initial margins:

--------------
Margins for xj: -8.1%/+13.5%
--------------


Optimizing parameter xj
Initial margins -8.1%/+13.5% (required -25.0%/+25.0%)
Change step to 0.50
Change step to 0.25
Change step to 0.10
Change step to 0.05
--------------------------------
Parameters:
--------------------------------
Margins:
xj	-8.1% / +13.5%	(required -25.0% / +25.0%)
--------------------------------
Optimization is finished.
=========================
Parameters to change: 
ptl5.j1 = 0.40 range [0.10,0.60]
root.j1 = 0.40 range [0.10,0.60]
Calculate initial margins:

--------------
Parameters to change: 
ptl5.j1 = 0.40 range [0.10,0.60]
root.j1 = 0.40 range [0.10,0.60]
Calculate initial margins:

--------------
Margins for xj: -0.9%/+21.9%
--------------


Optimizing parameter xj
Initial margins -0.9%/+21.9% (required -25.0%/+25.0%)
Change step to 0.50
Change step to 0.25
Change step to 0.10
Change step to 0.05
--------------------------------
Parameters:
--------------------------------
Margins:
xj	-0.9% / +21.9%	(required -25.0% / +25.0%)
--------------------------------
Optimization is finished.
=========================
Margins for xj: -6.7%/+13.5%
--------------


Optimizing parameter xj
Initial margins -6.7%/+13.5% (required -25.0%/+25.0%)
Change step to 0.50
Change step to 0.25
Change step to 0.10
Change step to 0.05
--------------------------------
Parameters:
--------------------------------
Margins:
xj	-6.7% / +13.5%	(required -25.0% / +25.0%)
--------------------------------
Optimization is finished.
=========================
***************************************
LOG STARTED: Mon, 06 Aug 2018 15:27:51
***************************************
LOG STARTED: Mon, 06 Aug 2018 15:36:50
***************************************
LOG STARTED: Mon, 06 Aug 2018 15:54:20
***************************************
LOG STARTED: Mon, 06 Aug 2018 15:54:40
Parameters to change: 
l1 = 0.54 range [0.40,0.80]
j1 = 0.40 range [0.20,0.60]
Calculate initial margins:

--------------
Margins for xj: -3.3%/+13.5%
--------------


Optimizing parameter xj
Initial margins -3.3%/+13.5% (required -25.0%/+25.0%)
Change step to 0.50
Change step to 0.25
Change step to 0.10
Change step to 0.05
--------------------------------
Parameters:
--------------------------------
Margins:
xj	-3.3% / +13.5%	(required -25.0% / +25.0%)
--------------------------------
Optimization is finished.
=========================
Parameters to change: 
j1 = 0.40 range [0.20,0.60]
Calculate initial margins:

--------------
Margins for xj: -3.3%/+13.5%
--------------


Optimizing parameter xj
Initial margins -3.3%/+13.5% (required -25.0%/+25.0%)
Change step to 0.50
Change step to 0.25
Change step to 0.10
Change step to 0.05
--------------------------------
Parameters:
--------------------------------
Margins:
xj	-3.3% / +13.5%	(required -25.0% / +25.0%)
--------------------------------
Optimization is finished.
=========================
***************************************
LOG STARTED: Mon, 06 Aug 2018 16:17:19
***************************************
LOG STARTED: Mon, 06 Aug 2018 16:18:29
***************************************
LOG STARTED: Tue, 07 Aug 2018 13:54:20
***************************************
LOG STARTED: Tue, 07 Aug 2018 14:39:02
***************************************
LOG STARTED: Tue, 07 Aug 2018 15:54:17
***************************************
LOG STARTED: Tue, 07 Aug 2018 15:55:12
***************************************
LOG STARTED: Tue, 07 Aug 2018 16:03:18
***************************************
LOG STARTED: Tue, 07 Aug 2018 16:08:25
***************************************
LOG STARTED: Tue, 07 Aug 2018 16:11:17
***************************************
LOG STARTED: Tue, 07 Aug 2018 16:16:01
Parameters to change: 
root.ic = 0.22 range [0.00,0.40]
j1 = 0.40 range [0.20,0.60]
l1 = 0.54 range [0.30,0.70]
Calculate initial margins:

--------------
Margins for xj: -17.5%/+36.9%
--------------


Optimizing parameter xj
Initial margins -17.5%/+36.9% (required -25.0%/+25.0%)
Change step to 0.50
Change step to 0.25
Change step to 0.10
Parameter root.ic: 0.22  ->  0.20
Accepted
Margins for xj: -19.4%/+38.2%
Change step to 0.05

--------------
Margins for xj: -19.4%/+38.2%
--------------


Optimizing parameter xj
Initial margins -19.4%/+38.2% (required -25.0%/+25.0%)
Change step to 0.50
Change step to 0.25
Change step to 0.10
Change step to 0.05
--------------------------------
Parameters:
root.ic	0.22 -> 0.20
--------------------------------
Margins:
xj	-19.4% / +38.2%	(required -25.0% / +25.0%)
--------------------------------
Optimization is finished.
=========================
Parameters to change: 
root.ic = 0.20 range [0.00,0.40]
Calculate initial margins:

--------------
Margins for xm: -0.0%/+0.0%
ERROR: Non-operating initial point!
Parameters to change: 
xj = 1.00 range [0.60,1.50]
Calculate initial margins:

--------------
Margins for xj: -19.4%/+38.2%
--------------


Optimizing parameter xj
Initial margins -19.4%/+38.2% (required -25.0%/+25.0%)
Change step to 0.50
Change step to 0.25
Change step to 0.10
Change step to 0.05
--------------------------------
Parameters:
--------------------------------
Margins:
xj	-19.4% / +38.2%	(required -25.0% / +25.0%)
--------------------------------
Optimization is finished.
=========================
Parameters to change: 
xi = 1.00 range [0.50,1.50]
xl = 1.00 range [0.50,1.50]
xm = 1.00 range [0.50,1.50]
Calculate initial margins:

--------------
Margins for xj: -19.4%/+38.2%
--------------


Optimizing parameter xj
Initial margins -19.4%/+38.2% (required -25.0%/+25.0%)
Change step to 0.50
Change step to 0.25
Parameter xl: 1.00  ->  0.75
Accepted
Margins for xj: -40.0%/+26.8%
Optimization of xj succeeded

--------------
Margins for xj: -40.0%/+26.8%
--------------

--------------------------------
Parameters:
xl	1.00 -> 0.75
--------------------------------
Margins:
xj	-40.0% / +26.8%	(required -25.0% / +25.0%)
--------------------------------
Optimization is finished.
=========================
***************************************
LOG STARTED: Wed, 08 Aug 2018 13:22:06
***************************************
LOG STARTED: Wed, 08 Aug 2018 13:22:40
***************************************
LOG STARTED: Wed, 08 Aug 2018 13:22:47
***************************************
LOG STARTED: Wed, 08 Aug 2018 13:30:48
***************************************
LOG STARTED: Wed, 08 Aug 2018 14:03:27
***************************************
LOG STARTED: Wed, 08 Aug 2018 14:03:36
***************************************
LOG STARTED: Wed, 08 Aug 2018 14:04:04
***************************************
LOG STARTED: Wed, 08 Aug 2018 14:04:13
***************************************
LOG STARTED: Wed, 08 Aug 2018 14:04:52
***************************************
LOG STARTED: Wed, 08 Aug 2018 14:05:04
***************************************
LOG STARTED: Wed, 08 Aug 2018 16:55:47
***************************************
LOG STARTED: Wed, 08 Aug 2018 16:56:07
***************************************
LOG STARTED: Wed, 08 Aug 2018 16:56:40
***************************************
LOG STARTED: Wed, 08 Aug 2018 16:57:18
***************************************
LOG STARTED: Wed, 08 Aug 2018 16:57:51
***************************************
LOG STARTED: Wed, 08 Aug 2018 16:59:26
***************************************
LOG STARTED: Wed, 08 Aug 2018 17:00:49
***************************************
LOG STARTED: Wed, 08 Aug 2018 17:01:21
***************************************
LOG STARTED: Wed, 08 Aug 2018 17:02:13
***************************************
LOG STARTED: Wed, 08 Aug 2018 17:04:14
***************************************
LOG STARTED: Wed, 08 Aug 2018 17:05:26
***************************************
LOG STARTED: Wed, 08 Aug 2018 17:06:30
***************************************
LOG STARTED: Wed, 08 Aug 2018 17:07:39
***************************************
LOG STARTED: Wed, 08 Aug 2018 17:13:31
***************************************
LOG STARTED: Wed, 08 Aug 2018 17:16:44
***************************************
LOG STARTED: Thu, 09 Aug 2018 12:12:51
***************************************
LOG STARTED: Thu, 09 Aug 2018 12:15:36
***************************************
LOG STARTED: Thu, 09 Aug 2018 13:28:48
***************************************
LOG STARTED: Thu, 09 Aug 2018 13:40:10
***************************************
LOG STARTED: Thu, 09 Aug 2018 13:40:17
***************************************
LOG STARTED: Thu, 09 Aug 2018 14:04:14
***************************************
LOG STARTED: Thu, 09 Aug 2018 14:04:22
***************************************
LOG STARTED: Thu, 09 Aug 2018 14:44:13
***************************************
LOG STARTED: Fri, 10 Aug 2018 14:39:46
***************************************
LOG STARTED: Fri, 10 Aug 2018 17:00:01
***************************************
LOG STARTED: Sat, 11 Aug 2018 18:42:27
Parameters to change: 
root.ic = 0.35 range [0.20,0.40]
Calculate initial margins:

--------------
Margins for xj: -6.7%/+17.5%
--------------


Optimizing parameter xj
Initial margins -6.7%/+17.5% (required -25.0%/+25.0%)
Change step to 0.50
Change step to 0.25
Change step to 0.10
Change step to 0.05
Parameter root.ic: 0.35  ->  0.33
Accepted
Margins for xj: -10.9%/+17.5%

--------------
Margins for xj: -10.9%/+17.5%
--------------


Optimizing parameter xj
Initial margins -10.9%/+17.5% (required -25.0%/+25.0%)
Change step to 0.50
Change step to 0.25
Change step to 0.10
Change step to 0.05
--------------------------------
Parameters:
root.ic	0.35 -> 0.33
--------------------------------
Margins:
xj	-10.9% / +17.5%	(required -25.0% / +25.0%)
--------------------------------
Optimization is finished.
=========================
Parameters to change: 
root.ic = 0.33 range [0.20,0.40]
Calculate initial margins:

--------------
Margins for xj: -20.8%/+17.5%
--------------


Optimizing parameter xj
Initial margins -20.8%/+17.5% (required -25.0%/+25.0%)
Change step to 0.50
Change step to 0.25
Change step to 0.10
Change step to 0.05
--------------------------------
Parameters:
--------------------------------
Margins:
xj	-20.8% / +17.5%	(required -25.0% / +25.0%)
--------------------------------
Optimization is finished.
=========================
Parameters to change: 
root.ic = 3.32 range [2.00,4.00]
Calculate initial margins:

--------------
Margins for xj: -20.8%/+17.5%
--------------


Optimizing parameter xj
Initial margins -20.8%/+17.5% (required -25.0%/+25.0%)
Change step to 0.50
Change step to 0.25
Change step to 0.10
Change step to 0.05
--------------------------------
Parameters:
--------------------------------
Margins:
xj	-20.8% / +17.5%	(required -25.0% / +25.0%)
--------------------------------
Optimization is finished.
=========================
***************************************
LOG STARTED: Mon, 13 Aug 2018 10:17:09
Parameters to change: 
root.ic = 3.50 range [2.00,4.00]
Calculate initial margins:

--------------
Margins for xj: -6.7%/+17.5%
--------------


Optimizing parameter xj
Initial margins -6.7%/+17.5% (required -25.0%/+25.0%)
Change step to 0.50
Change step to 0.25
Change step to 0.10
Change step to 0.05
--------------------------------
Parameters:
--------------------------------
Margins:
xj	-6.7% / +17.5%	(required -25.0% / +25.0%)
--------------------------------
Optimization is finished.
=========================
Parameters to change: 
root.ic = 3.50 range [2.00,4.00]
Calculate initial margins:

--------------
Margins for xm: -3.3%/+40.0%
--------------


Optimizing parameter xm
Initial margins -3.3%/+40.0% (required -30.0%/+30.0%)
Change step to 0.50
Parameter root.ic: 3.50  ->  4.00
Accepted
Margins for xm: -40.0%/+40.0%
Optimization of xm succeeded

--------------
Margins for xm: -40.0%/+40.0%
--------------

--------------------------------
Parameters:
root.ic	3.50 -> 4.00
--------------------------------
Margins:
xm	-40.0% / +40.0%	(required -30.0% / +30.0%)
--------------------------------
Optimization is finished.
=========================
***************************************
LOG STARTED: Mon, 13 Aug 2018 14:35:04
***************************************
LOG STARTED: Mon, 13 Aug 2018 14:37:24
***************************************
LOG STARTED: Mon, 13 Aug 2018 14:39:37
***************************************
LOG STARTED: Mon, 13 Aug 2018 14:41:29
***************************************
LOG STARTED: Mon, 13 Aug 2018 14:41:37
***************************************
LOG STARTED: Mon, 13 Aug 2018 14:43:37
***************************************
LOG STARTED: Wed, 15 Aug 2018 12:34:07
***************************************
LOG STARTED: Wed, 15 Aug 2018 16:38:43
***************************************
LOG STARTED: Wed, 15 Aug 2018 16:39:05
***************************************
LOG STARTED: Wed, 15 Aug 2018 16:41:28
***************************************
LOG STARTED: Wed, 15 Aug 2018 16:45:06
***************************************
LOG STARTED: Wed, 15 Aug 2018 16:46:31
***************************************
LOG STARTED: Wed, 15 Aug 2018 19:57:11
***************************************
LOG STARTED: Wed, 15 Aug 2018 19:57:20
***************************************
LOG STARTED: Wed, 15 Aug 2018 20:01:55
***************************************
LOG STARTED: Mon, 27 Aug 2018 14:56:43
***************************************
LOG STARTED: Mon, 27 Aug 2018 14:59:47
***************************************
LOG STARTED: Mon, 27 Aug 2018 15:05:31
***************************************
LOG STARTED: Mon, 27 Aug 2018 15:06:18
***************************************
LOG STARTED: Mon, 27 Aug 2018 15:36:50
***************************************
LOG STARTED: Mon, 27 Aug 2018 15:43:02
***************************************
LOG STARTED: Mon, 27 Aug 2018 15:47:47
***************************************
LOG STARTED: Mon, 27 Aug 2018 15:48:09
***************************************
LOG STARTED: Mon, 27 Aug 2018 15:54:44
***************************************
LOG STARTED: Mon, 27 Aug 2018 15:56:07
***************************************
LOG STARTED: Mon, 27 Aug 2018 15:56:56
***************************************
LOG STARTED: Mon, 27 Aug 2018 16:54:05
***************************************
LOG STARTED: Mon, 27 Aug 2018 17:17:25
***************************************
LOG STARTED: Mon, 27 Aug 2018 17:31:58
***************************************
LOG STARTED: Mon, 27 Aug 2018 17:32:27
***************************************
LOG STARTED: Tue, 28 Aug 2018 11:52:38
***************************************
LOG STARTED: Tue, 28 Aug 2018 12:32:13
***************************************
LOG STARTED: Tue, 28 Aug 2018 14:26:25
***************************************
LOG STARTED: Tue, 28 Aug 2018 14:26:55
***************************************
LOG STARTED: Tue, 28 Aug 2018 14:27:00
***************************************
LOG STARTED: Tue, 28 Aug 2018 14:28:01
***************************************
LOG STARTED: Tue, 28 Aug 2018 14:28:10
***************************************
LOG STARTED: Tue, 28 Aug 2018 14:30:18
***************************************
LOG STARTED: Fri, 14 Sep 2018 11:38:59
***************************************
LOG STARTED: Fri, 14 Sep 2018 11:57:13
