***************************************
LOG STARTED: Wed, 05 Sep 2018 16:02:09
***************************************
LOG STARTED: Wed, 05 Sep 2018 16:02:42
***************************************
LOG STARTED: Wed, 05 Sep 2018 16:14:30
***************************************
LOG STARTED: Wed, 05 Sep 2018 16:14:48
***************************************
LOG STARTED: Wed, 05 Sep 2018 16:14:57
***************************************
LOG STARTED: Wed, 05 Sep 2018 16:15:14
***************************************
LOG STARTED: Wed, 05 Sep 2018 16:15:35
0.0 0.0024695184381253493
0.005 0.002249276305364056
0.01 0.0028030992253790903
0.015 0.002172794546418002
0.02 0.0029181448257424945
0.025 0.002375181874753458
0.030000000000000002 0.0003676312070745002
0.035 0.002314460946888972
0.04 0.002331559997940174
0.045 0.0024433092569682404
0.049999999999999996 0.002454328992659113
0.05499999999999999 0.0023573534055680756
0.05999999999999999 0.002362940836456801
0.06499999999999999 0.0024809299338190384
0.06999999999999999 0.00248738090409933
0.075 0.00215639272017652
0.08 0.0023835800689979677
0.085 0.0025396754176163763
0.09000000000000001 0.002513639892323243
0.09500000000000001 0.0024361349255228627
0.10000000000000002 0.002382699858188749
0.10500000000000002 0.002597142367661679
0.11000000000000003 0.002529438479371272
0.11500000000000003 0.00258020790174074
0.12000000000000004 0.0024344064694857845
0.12500000000000003 0.0027318586608885125
0.13000000000000003 0.0025733331078508317
0.13500000000000004 0.0030117315099470127
0.14000000000000004 0.0024939131123370003
0.14500000000000005 0.0030810780438797723
0.15000000000000005 0.0026182426895937517
0.15500000000000005 0.0035504300064524096
0.16000000000000006 0.0026618952286897282
0.16500000000000006 1.4769483878333022e-05
0.17000000000000007 0.002741247287421037
0.17500000000000007 0.0026895124507943075
0.18000000000000008 0.0027702303997144857
0.18500000000000008 0.002724150841526997
0.19000000000000009 0.0027940650041148834
0.1950000000000001 0.002743287623490364
0.2000000000000001 0.002817827813237471
0.2050000000000001 0.0027758344377022
0.2100000000000001 0.0028618410141998266
0.2150000000000001 0.0028121048240864676
0.2200000000000001 0.00288820901014267
0.22500000000000012 0.0028486633079608486
0.23000000000000012 0.002896285248097944
0.23500000000000013 0.0028214728737534405
0.24000000000000013 0.002740237746997716
0.24500000000000013 0.0029584329008498287
0.2500000000000001 0.003036902622189995
0.2550000000000001 0.002963902297667561
0.2600000000000001 0.003119844090357971
0.2650000000000001 0.0030401045611892713
0.27000000000000013 0.0032080407390379785
0.27500000000000013 0.003101936416512484
0.28000000000000014 0.003341921665312247
0.28500000000000014 0.003142496386678552
0.29000000000000015 0.0034428569621770674
0.29500000000000015 0.0031823967604410583
0.30000000000000016 0.00360023311634094
0.30500000000000016 0.0032224000349952825
0.31000000000000016 0.003783820694210782
0.31500000000000017 0.0032623835003214438
0.3200000000000002 0.0040143013621249495
0.3250000000000002 0.003300909876903078
0.3300000000000002 0.0006539112396768305
0.3350000000000002 0.003343054424463913
0.3400000000000002 0.003694572808838774
0.3450000000000002 0.0033868153003615894
0.3500000000000002 0.0037048952444091662
0.3550000000000002 0.003432341607244277
0.3600000000000002 0.0036501969171014417
0.3650000000000002 0.003478307711725873
0.3700000000000002 0.003593606427297758
0.3750000000000002 0.003524952392853565
0.3800000000000002 0.0035542171302038413
0.38500000000000023 0.003572044608906428
0.39000000000000024 0.0021137749440900367
0.39500000000000024 0.0036113239010555193
Going back
0.39000000000000024 0.0035814399046008986
0.38500000000000023 0.003570092473820055
0.3800000000000002 0.0035747259692826814
0.3750000000000002 0.003523159181251849
0.3700000000000002 0.0035383181273165535
0.3650000000000002 0.003476735109948068
0.3600000000000002 0.0035045056171573606
0.3550000000000002 0.003430977258583391
0.3500000000000002 0.0034714852807611433
0.3450000000000002 0.0033856668293043646
0.3400000000000002 0.0034530604038555492
0.3350000000000002 0.0033410509942564735
0.3300000000000002 0.003448725478429739
0.3250000000000002 0.003298072058477373
0.3200000000000002 0.0034985412955269835
0.31500000000000017 0.0032574207048354097
0.31000000000000016 0.003516408847042412
0.30500000000000016 0.0032187194072071743
0.30000000000000016 0.0035921110003269674
0.29500000000000015 0.003178816260802239
0.29000000000000015 0.0036900519100033025
0.28500000000000014 0.0031395365164441956
0.28000000000000014 0.0038298684946822
0.27500000000000013 0.003100194482660348
0.27000000000000013 0.0009877504829171424
0.2650000000000001 0.0030609475703323005
0.2600000000000001 0.003000922606040223
0.2550000000000001 0.0030208830194560768
0.2500000000000001 0.003023669942977245
0.2450000000000001 0.002925058681976317
0.2400000000000001 0.0030166356043874088
0.2350000000000001 0.0028184305074794333
0.2300000000000001 0.0029990832062309325
0.2250000000000001 0.0029018861549906425
0.22000000000000008 0.0030224548000606115
0.21500000000000008 0.00285542311970304
0.21000000000000008 0.003273594631262744
0.20500000000000007 0.00282809584575539
0.20000000000000007 0.0035840404742142535
0.19500000000000006 0.0028021949037059933
0.19000000000000006 0.004269029067146252
0.18500000000000005 0.0027766489475637463
0.18000000000000005 -0.004804993946734443
0.17500000000000004 0.0027526923640401476
0.17000000000000004 0.0026514700539195285
0.16500000000000004 0.002730792152379018
0.16000000000000003 0.002660621771334966
0.15500000000000003 0.002542311914070168
0.15000000000000002 0.0026972362016741995
0.14500000000000002 0.0025350342640554067
0.14 0.0025009258403701023
0.135 0.002586483168940232
0.13 0.0025720942966737954
0.125 0.002448058947211251
0.12 0.002433309400371671
0.11499999999999999 0.0025374844531690574
0.10999999999999999 0.00252633211901534
0.10499999999999998 0.0021742479816409727
0.09999999999999998 0.002374333579630755
0.09499999999999997 0.00252267687159453
0.08999999999999997 0.002482150378329196
0.08499999999999996 0.0023798475365371095
0.07999999999999996 0.002328440028355747
0.07499999999999996 0.0025260214840538385
0.06999999999999995 0.0024492205444894563
0.06499999999999995 0.002470376273764496
0.05999999999999995 0.002314078775300627
0.05499999999999995 0.0025943287171954848
0.049999999999999954 0.00243260989771814
0.04499999999999996 0.002833349322529965
0.03999999999999996 0.0023181769779712967
0.03499999999999996 0.0028563547433284983
0.02999999999999996 0.0024116238438744927
0.02499999999999996 0.0029598577491772964
0.01999999999999996 0.0023321448583217956
0.014999999999999958 0.0002655820547160699
0.009999999999999957 0.002249326166794172
0.004999999999999957 0.0022641709052664593
-4.336808689942018e-17 0.0021444107431055313
***************************************
LOG STARTED: Wed, 05 Sep 2018 16:19:49
0.0 0.0024695184381253493
0.1 0.0023973327458729505
0.2 0.0035817694863987336
0.30000000000000004 0.003207946783470327
0.4 0.004190843156380073
0.5 0.00400291017907786
0.6 0.005677244100187842
0.7 0.004642596309450353
0.7999999999999999 0.006877090221328385
0.8999999999999999 0.07427234656491442
0.9999999999999999 0.0786615993299334
1.0999999999999999 0.07794019566121345
1.2 0.08303135638245657
1.3 0.08136088339647755
1.4000000000000001 0.08879301736899937
1.5000000000000002 0.0839205742675307
1.6000000000000003 0.09587939448261909
1.7000000000000004 0.0884657348868934
1.8000000000000005 0.10125068891499706
1.9000000000000006 0.09232936086420902
2.0000000000000004 0.0972927674384804
2.1000000000000005 0.09525968673048162
2.2000000000000006 0.09648123031318186
2.3000000000000007 0.0978344199598872
2.400000000000001 0.09967041971809039
2.500000000000001 0.10026987028163006
2.600000000000001 0.1019463975397308
2.700000000000001 0.1018966003989213
2.800000000000001 0.10337296437911854
2.9000000000000012 0.10384468334681488
3.0000000000000013 0.06426719325161886
3.1000000000000014 0.17442421847486717
3.2000000000000015 0.1964017126902485
3.3000000000000016 0.21835953507032893
3.4000000000000017 0.24379626792317835
3.5000000000000018 0.31723656189719085
3.600000000000002 0.31245780904043857
3.700000000000002 0.32735359094913463
3.800000000000002 0.3656137262717717
3.900000000000002 0.3618319852229177
4.000000000000002 0.4056031170029383
4.100000000000001 0.42271206690840196
4.200000000000001 0.43793544284708846
4.300000000000001 0.46686332440446765
4.4 0.4830440854425051
4.5 0.4819499022471755
4.6 0.5006647847535006
4.699999999999999 0.5200964321550107
4.799999999999999 0.5650916650099229
4.899999999999999 0.5992140898806978
4.999999999999998 0.6214279721940021
Going back
4.899999999999999 0.5690334758997926
4.799999999999999 0.5583002693531695
4.699999999999999 0.5318416055418232
4.6 0.4785019313033537
4.5 0.4989743518825664
4.4 0.4704527363019829
4.300000000000001 0.47667513750835283
4.200000000000001 0.4385730331796101
4.100000000000001 0.427705758414701
4.000000000000002 0.4006910616037646
3.9000000000000017 0.3745104327917345
3.8000000000000016 0.3617257147809232
3.7000000000000015 0.32003422184856617
3.6000000000000014 0.28821058685715195
3.5000000000000013 0.2905536279732654
3.4000000000000012 0.24532053828761471
3.300000000000001 0.2265545776525
3.200000000000001 0.1738862254506661
3.100000000000001 0.13020552968993157
3.000000000000001 0.057275905334881874
2.900000000000001 0.08866486923219417
2.8000000000000007 0.10328812303756925
2.7000000000000006 0.1027015621991108
2.6000000000000005 0.10080764928144505
2.5000000000000004 0.1011059753607557
2.4000000000000004 0.09918481267613227
2.3000000000000003 0.09992968445300891
2.2 0.0966356803122176
2.1 0.09669204961790741
2.0 0.0935466184943252
1.9 0.09659100735392283
1.7999999999999998 0.0900810964357661
1.6999999999999997 0.09371384791249354
1.5999999999999996 0.08638119371343772
1.4999999999999996 0.09299031180682751
1.3999999999999995 0.08265097064064841
1.2999999999999994 0.08731715923578875
1.1999999999999993 0.07949184382266049
1.0999999999999992 0.08258799868864494
0.9999999999999992 0.07591271257901544
0.8999999999999992 0.07836593782952941
0.7999999999999993 0.00484395404139048
0.6999999999999993 -0.0031113554965464573
0.5999999999999993 0.004569544446700243
0.49999999999999933 0.003980118533718268
0.39999999999999936 0.0035527871525417227
0.2999999999999994 0.003163624119602555
0.19999999999999937 0.0027848383500199228
0.09999999999999937 0.002439359349551216
-6.38378239159465e-16 0.002327166597466147
***************************************
LOG STARTED: Wed, 05 Sep 2018 16:54:55
0.0 0.0024695184381253493
0.1 0.0023973327458729505
0.2 0.0035817694863987336
0.30000000000000004 0.003207946783470327
0.4 0.004190843156380073
0.5 0.00400291017907786
0.6 0.005677244100187842
0.7 0.004642596309450353
0.7999999999999999 0.006877090221328385
0.8999999999999999 0.07427234656491442
0.9999999999999999 0.0786615993299334
1.0999999999999999 0.07794019566121345
1.2 0.08303135638245657
1.3 0.08136088339647755
1.4000000000000001 0.08879301736899937
1.5000000000000002 0.0839205742675307
1.6000000000000003 0.09587939448261909
1.7000000000000004 0.0884657348868934
1.8000000000000005 0.10125068891499706
1.9000000000000006 0.09232936086420902
2.0000000000000004 0.0972927674384804
2.1000000000000005 0.09525968673048162
2.2000000000000006 0.09648123031318186
2.3000000000000007 0.0978344199598872
2.400000000000001 0.09967041971809039
2.500000000000001 0.10026987028163006
2.600000000000001 0.1019463975397308
2.700000000000001 0.1018966003989213
2.800000000000001 0.10337296437911854
2.9000000000000012 0.10384468334681488
3.0000000000000013 0.06426719325161886
3.1000000000000014 0.17442421847486717
3.2000000000000015 0.1964017126902485
3.3000000000000016 0.21835953507032893
3.4000000000000017 0.24379626792317835
3.5000000000000018 0.31723656189719085
3.600000000000002 0.31245780904043857
3.700000000000002 0.32735359094913463
3.800000000000002 0.3656137262717717
3.900000000000002 0.3618319852229177
4.000000000000002 0.4056031170029383
4.100000000000001 0.42271206690840196
4.200000000000001 0.43793544284708846
4.300000000000001 0.46686332440446765
4.4 0.4830440854425051
4.5 0.4819499022471755
4.6 0.5006647847535006
4.699999999999999 0.5200964321550107
4.799999999999999 0.5650916650099229
4.899999999999999 0.5992140898806978
4.999999999999998 0.6214279721940021
Going back
4.899999999999999 0.5690334758997926
4.799999999999999 0.5583002693531695
4.699999999999999 0.5318416055418232
4.6 0.4785019313033537
4.5 0.4989743518825664
4.4 0.4704527363019829
4.300000000000001 0.47667513750835283
4.200000000000001 0.4385730331796101
4.100000000000001 0.427705758414701
4.000000000000002 0.4006910616037646
3.9000000000000017 0.3745104327917345
3.8000000000000016 0.3617257147809232
3.7000000000000015 0.32003422184856617
3.6000000000000014 0.28821058685715195
3.5000000000000013 0.2905536279732654
3.4000000000000012 0.24532053828761471
3.300000000000001 0.2265545776525
3.200000000000001 0.1738862254506661
3.100000000000001 0.13020552968993157
3.000000000000001 0.057275905334881874
2.900000000000001 0.08866486923219417
2.8000000000000007 0.10328812303756925
2.7000000000000006 0.1027015621991108
2.6000000000000005 0.10080764928144505
2.5000000000000004 0.1011059753607557
2.4000000000000004 0.09918481267613227
2.3000000000000003 0.09992968445300891
2.2 0.0966356803122176
2.1 0.09669204961790741
2.0 0.0935466184943252
1.9 0.09659100735392283
1.7999999999999998 0.0900810964357661
1.6999999999999997 0.09371384791249354
1.5999999999999996 0.08638119371343772
1.4999999999999996 0.09299031180682751
1.3999999999999995 0.08265097064064841
1.2999999999999994 0.08731715923578875
1.1999999999999993 0.07949184382266049
1.0999999999999992 0.08258799868864494
0.9999999999999992 0.07591271257901544
0.8999999999999992 0.07836593782952941
0.7999999999999993 0.00484395404139048
0.6999999999999993 -0.0031113554965464573
0.5999999999999993 0.004569544446700243
0.49999999999999933 0.003980118533718268
0.39999999999999936 0.0035527871525417227
0.2999999999999994 0.003163624119602555
0.19999999999999937 0.0027848383500199228
0.09999999999999937 0.002439359349551216
-6.38378239159465e-16 0.002327166597466147
***************************************
LOG STARTED: Wed, 05 Sep 2018 17:01:06
0.0 0.008392548581894463
0.1 0.004935228557980751
0.2 0.005643895464058189
0.30000000000000004 0.0065531334079973426
0.4 0.008148947767750724
0.5 -0.002558741911876698
0.6 0.00690379179991005
0.7 0.007015250215284928
0.7999999999999999 0.007835779569761553
0.8999999999999999 0.11241658233041134
0.9999999999999999 0.1144353919071314
1.0999999999999999 0.11679948673684125
1.2 0.11868869512343995
1.3 0.1213408479875963
1.4000000000000001 0.124220786930468
1.5000000000000002 0.12733180742985042
1.6000000000000003 0.12967601887848307
1.7000000000000004 0.1317484575598681
1.8000000000000005 0.134258516479893
1.9000000000000006 0.13610006542223357
2.0000000000000004 0.13855192983029038
2.1000000000000005 0.14070105220515253
2.2000000000000006 0.14218952066347
2.3000000000000007 0.14417513571590343
2.400000000000001 0.1455343555886411
2.500000000000001 0.14593522911259604
2.600000000000001 0.14699266965750052
2.700000000000001 0.14878965699910288
2.800000000000001 0.15038618003631116
2.9000000000000012 0.15052650846435753
3.0000000000000013 0.1471261276019745
3.1000000000000014 0.1741668025990313
3.2000000000000015 0.1755404174033896
3.3000000000000016 0.20027710278672092
3.4000000000000017 0.24878446071479962
3.5000000000000018 0.2917796604428066
3.600000000000002 0.3078082887127845
3.700000000000002 0.32110369772271113
3.800000000000002 0.3564770647905603
3.900000000000002 0.34989931385416717
4.000000000000002 0.40332656606664785
4.100000000000001 0.44200539616750556
4.200000000000001 0.4477094297901471
4.300000000000001 0.46876741927838866
4.4 0.49306779657054245
4.5 0.48561461420239493
4.6 0.5179481607386021
4.699999999999999 0.5158485198180277
4.799999999999999 0.570081726576366
4.899999999999999 0.5820622847051317
4.999999999999998 0.5828858998667412
Going back
4.899999999999999 0.5880093750478849
4.799999999999999 0.5636275428892911
4.699999999999999 0.546599091661252
4.6 0.4862662541332277
4.5 0.5094691979384746
4.4 0.46876091777580386
4.300000000000001 0.47630799482613206
4.200000000000001 0.433776301272284
4.100000000000001 0.43478350499077273
4.000000000000002 0.40774235985086166
3.9000000000000017 0.3777931360745792
3.8000000000000016 0.33151785321989097
3.7000000000000015 0.3245485516711073
3.6000000000000014 0.31145375718385354
3.5000000000000013 0.3006383154712058
3.4000000000000012 0.2528424020190842
3.300000000000001 0.22685008023077682
3.200000000000001 0.17055142465995868
3.100000000000001 0.17099018446785483
3.000000000000001 0.0916236913815394
2.900000000000001 0.15218197251582408
2.8000000000000007 0.15050726983886156
2.7000000000000006 0.14804875539625575
2.6000000000000005 0.14704168642941357
2.5000000000000004 0.14615480541518358
2.4000000000000004 0.14530440645725654
2.3000000000000003 0.1441270314157813
2.2 0.14273993383578232
2.1 0.14073993452764982
2.0 0.13866245195186683
1.9 0.1365291542173655
1.7999999999999998 0.13447908063371503
1.6999999999999997 0.13251698217701502
1.5999999999999996 0.12995493578564207
1.4999999999999996 0.12748578117290565
1.3999999999999995 0.12508655154202997
1.2999999999999994 0.12210496587805687
1.1999999999999993 0.11937905111208297
1.0999999999999992 0.11717074570392734
0.9999999999999992 0.11506039662639819
0.8999999999999992 0.11287825870561378
0.7999999999999993 0.008638222531327042
0.6999999999999993 0.008758403449085225
0.5999999999999993 0.008303604033771771
0.49999999999999933 0.007286734159212445
0.39999999999999936 0.007202658321383112
0.2999999999999994 0.006080493579064364
0.19999999999999937 0.005751641183115073
0.09999999999999937 -0.0014809104433963379
-6.38378239159465e-16 0.0035173397005086354
***************************************
LOG STARTED: Wed, 05 Sep 2018 17:05:01
0.0 -4.656049110014754e-08
0.1 -7.64059937431437e-12
0.2 -1.1199715522428675e-12
0.30000000000000004 -1.0786369047668904e-12
0.4 -1.0206780415355542e-12
0.5 -9.463016179237268e-13
0.6 -8.512816414381764e-13
0.7 -7.30757039038655e-13
0.7999999999999999 -5.79428144628659e-13
0.8999999999999999 -3.9215770345018356e-13
0.9999999999999999 -1.6508136991601977e-13
1.0999999999999999 1.0218558672492761e-13
1.2 4.0235416758525965e-13
1.3 7.130852564095639e-13
1.4000000000000001 9.842275509448841e-13
1.5000000000000002 1.1163622281821113e-12
1.6000000000000003 9.261953140631578e-13
1.7000000000000004 9.444315516656829e-14
1.8000000000000005 -1.9038785949316957e-12
1.9000000000000006 -5.866398126351055e-12
2.0000000000000004 -1.284242569273984e-11
2.1000000000000005 -2.3757592153187794e-11
2.2000000000000006 -3.796950432834005e-11
2.3000000000000007 -4.91418336166741e-11
2.400000000000001 -3.6098765341078014e-11
2.500000000000001 4.722345946627139e-11
2.600000000000001 2.2515382187933812e-10
2.700000000000001 1.3079714649100632e-10
2.800000000000001 -1.0240116807308243e-09
2.9000000000000012 -1.67132430007866e-10
3.0000000000000013 0.10152670787785904
3.1000000000000014 0.141527166558617
3.2000000000000015 0.1663282952958332
3.3000000000000016 0.2304519386286472
3.4000000000000017 0.24658641780943016
3.5000000000000018 0.3002269714346768
3.600000000000002 0.31325512519942716
3.700000000000002 0.32034883049793045
3.800000000000002 0.3341287073225045
3.900000000000002 0.3839666756130526
4.000000000000002 0.39662948525741304
4.100000000000001 0.4002957629301438
4.200000000000001 0.434563420755712
4.300000000000001 0.44563148769588073
4.4 0.49967602484791135
4.5 0.5016573019703989
4.6 0.5074676610736633
4.699999999999999 0.5154358020346893
4.799999999999999 0.5674787902927683
4.899999999999999 0.5798198682834514
4.999999999999998 0.582026597792054
Going back
4.899999999999999 0.561638777984441
4.799999999999999 0.5578010779477559
4.699999999999999 0.539899240210619
4.6 0.49048753782884896
4.5 0.494277797636254
4.4 0.5012840035830347
4.300000000000001 0.44450630958520926
4.200000000000001 0.4402286324437568
4.100000000000001 0.43915954849452427
4.000000000000002 0.40444830247144187
3.9000000000000017 0.3515245468394698
3.8000000000000016 0.33255406999695014
3.7000000000000015 0.31812948577258204
3.6000000000000014 0.31173583102861213
3.5000000000000013 0.3174975536433954
3.4000000000000012 0.24814762453324427
3.300000000000001 0.1984355384768097
3.200000000000001 0.1645496631547056
3.100000000000001 0.15896434140316662
3.000000000000001 0.05586391396589473
2.900000000000001 -3.654269568131083e-08
2.8000000000000007 1.6359986193042408e-09
2.7000000000000006 -1.2118566656222405e-10
2.6000000000000005 -2.6455039699045544e-10
2.5000000000000004 -5.5832619056114895e-11
2.4000000000000004 3.873006645866697e-11
2.3000000000000003 5.2845244132222066e-11
2.2 4.046801177987665e-11
2.1 2.5123665524222465e-11
2.0 1.3466825014865485e-11
1.9 6.125581889911229e-12
1.7999999999999998 1.963067772143538e-12
1.6999999999999997 -7.654163331751675e-14
1.5999999999999996 -9.545191919597132e-13
1.4999999999999996 -1.1391196017254954e-12
1.3999999999999995 -1.0085485801838387e-12
1.2999999999999994 -7.541602106285496e-13
1.1999999999999993 -3.9621551364365286e-13
1.0999999999999992 -1.0355632742959068e-13
0.9999999999999992 1.8910285878446782e-13
0.8999999999999992 3.962155136436519e-13
0.7999999999999993 5.875695969374567e-13
0.6999999999999993 7.766724557219313e-13
0.5999999999999993 8.442091910020989e-13
0.49999999999999933 9.477655184316867e-13
0.39999999999999936 1.0423169478239227e-12
0.2999999999999994 1.087341438010704e-12
0.19999999999999937 1.152626948781532e-12
0.09999999999999937 1.1683855203469046e-12
-6.38378239159465e-16 1.2044051124963277e-12
***************************************
LOG STARTED: Wed, 05 Sep 2018 17:07:31
0.0 -4.656049110014754e-08
0.1 -7.64059937431437e-12
0.2 -1.1199715522428675e-12
0.30000000000000004 -1.0786369047668904e-12
0.4 -1.0206780415355542e-12
0.5 -9.463016179237268e-13
0.6 -8.512816414381764e-13
0.7 -7.30757039038655e-13
0.7999999999999999 -5.79428144628659e-13
0.8999999999999999 -3.9215770345018356e-13
0.9999999999999999 -1.6508136991601977e-13
1.0999999999999999 1.0218558672492761e-13
1.2 4.0235416758525965e-13
1.3 7.130852564095639e-13
1.4000000000000001 9.842275509448841e-13
1.5000000000000002 1.1163622281821113e-12
1.6000000000000003 9.261953140631578e-13
1.7000000000000004 9.444315516656829e-14
1.8000000000000005 -1.9038785949316957e-12
1.9000000000000006 -5.866398126351055e-12
2.0000000000000004 -1.284242569273984e-11
2.1000000000000005 -2.3757592153187794e-11
2.2000000000000006 -3.796950432834005e-11
2.3000000000000007 -4.91418336166741e-11
2.400000000000001 -3.6098765341078014e-11
2.500000000000001 4.722345946627139e-11
2.600000000000001 2.2515382187933812e-10
2.700000000000001 1.3079714649100632e-10
2.800000000000001 -1.0240116807308243e-09
2.9000000000000012 -1.67132430007866e-10
3.0000000000000013 0.10152670787785904
3.1000000000000014 0.141527166558617
3.2000000000000015 0.1663282952958332
3.3000000000000016 0.2304519386286472
3.4000000000000017 0.24658641780943016
3.5000000000000018 0.3002269714346768
3.600000000000002 0.31325512519942716
3.700000000000002 0.32034883049793045
3.800000000000002 0.3341287073225045
3.900000000000002 0.3839666756130526
4.000000000000002 0.39662948525741304
4.100000000000001 0.4002957629301438
4.200000000000001 0.434563420755712
4.300000000000001 0.44563148769588073
4.4 0.49967602484791135
4.5 0.5016573019703989
4.6 0.5074676610736633
4.699999999999999 0.5154358020346893
4.799999999999999 0.5674787902927683
4.899999999999999 0.5798198682834514
4.999999999999998 0.582026597792054
Going back
4.899999999999999 0.561638777984441
4.799999999999999 0.5578010779477559
4.699999999999999 0.539899240210619
4.6 0.49048753782884896
4.5 0.494277797636254
4.4 0.5012840035830347
4.300000000000001 0.44450630958520926
4.200000000000001 0.4402286324437568
4.100000000000001 0.43915954849452427
4.000000000000002 0.40444830247144187
3.9000000000000017 0.3515245468394698
3.8000000000000016 0.33255406999695014
3.7000000000000015 0.31812948577258204
3.6000000000000014 0.31173583102861213
3.5000000000000013 0.3174975536433954
3.4000000000000012 0.24814762453324427
3.300000000000001 0.1984355384768097
3.200000000000001 0.1645496631547056
3.100000000000001 0.15896434140316662
3.000000000000001 0.05586391396589473
2.900000000000001 -3.654269568131083e-08
2.8000000000000007 1.6359986193042408e-09
2.7000000000000006 -1.2118566656222405e-10
2.6000000000000005 -2.6455039699045544e-10
2.5000000000000004 -5.5832619056114895e-11
2.4000000000000004 3.873006645866697e-11
2.3000000000000003 5.2845244132222066e-11
2.2 4.046801177987665e-11
2.1 2.5123665524222465e-11
2.0 1.3466825014865485e-11
1.9 6.125581889911229e-12
1.7999999999999998 1.963067772143538e-12
1.6999999999999997 -7.654163331751675e-14
1.5999999999999996 -9.545191919597132e-13
1.4999999999999996 -1.1391196017254954e-12
1.3999999999999995 -1.0085485801838387e-12
1.2999999999999994 -7.541602106285496e-13
1.1999999999999993 -3.9621551364365286e-13
1.0999999999999992 -1.0355632742959068e-13
0.9999999999999992 1.8910285878446782e-13
0.8999999999999992 3.962155136436519e-13
0.7999999999999993 5.875695969374567e-13
0.6999999999999993 7.766724557219313e-13
0.5999999999999993 8.442091910020989e-13
0.49999999999999933 9.477655184316867e-13
0.39999999999999936 1.0423169478239227e-12
0.2999999999999994 1.087341438010704e-12
0.19999999999999937 1.152626948781532e-12
0.09999999999999937 1.1683855203469046e-12
-6.38378239159465e-16 1.2044051124963277e-12
***************************************
LOG STARTED: Wed, 05 Sep 2018 17:13:05
***************************************
LOG STARTED: Wed, 05 Sep 2018 17:14:06
***************************************
LOG STARTED: Thu, 06 Sep 2018 15:15:15
0.0 0.008392548581894463
0.1 0.004935228557980751
0.2 0.005643895464058189
0.30000000000000004 0.0065531334079973426
0.4 0.008148947767750724
0.5 -0.002558741911876698
0.6 0.00690379179991005
0.7 0.007015250215284928
0.7999999999999999 0.007835779569761553
0.8999999999999999 0.11241658233041134
0.9999999999999999 0.1144353919071314
1.0999999999999999 0.11679948673684125
1.2 0.11868869512343995
1.3 0.1213408479875963
1.4000000000000001 0.124220786930468
1.5000000000000002 0.12733180742985042
1.6000000000000003 0.12967601887848307
1.7000000000000004 0.1317484575598681
1.8000000000000005 0.134258516479893
1.9000000000000006 0.13610006542223357
2.0000000000000004 0.13855192983029038
2.1000000000000005 0.14070105220515253
2.2000000000000006 0.14218952066347
2.3000000000000007 0.14417513571590343
2.400000000000001 0.1455343555886411
2.500000000000001 0.14593522911259604
2.600000000000001 0.14699266965750052
2.700000000000001 0.14878965699910288
2.800000000000001 0.15038618003631116
2.9000000000000012 0.15052650846435753
3.0000000000000013 0.1471261276019745
3.1000000000000014 0.1741668025990313
3.2000000000000015 0.1755404174033896
3.3000000000000016 0.20027710278672092
3.4000000000000017 0.24878446071479962
3.5000000000000018 0.2917796604428066
3.600000000000002 0.3078082887127845
3.700000000000002 0.32110369772271113
3.800000000000002 0.3564770647905603
3.900000000000002 0.34989931385416717
4.000000000000002 0.40332656606664785
4.100000000000001 0.44200539616750556
4.200000000000001 0.4477094297901471
4.300000000000001 0.46876741927838866
4.4 0.49306779657054245
4.5 0.48561461420239493
4.6 0.5179481607386021
4.699999999999999 0.5158485198180277
4.799999999999999 0.570081726576366
4.899999999999999 0.5820622847051317
4.999999999999998 0.5828858998667412
Going back
4.899999999999999 0.5880093750478849
4.799999999999999 0.5636275428892911
4.699999999999999 0.546599091661252
4.6 0.4862662541332277
4.5 0.5094691979384746
4.4 0.46876091777580386
4.300000000000001 0.47630799482613206
4.200000000000001 0.433776301272284
4.100000000000001 0.43478350499077273
4.000000000000002 0.40774235985086166
3.9000000000000017 0.3777931360745792
3.8000000000000016 0.33151785321989097
3.7000000000000015 0.3245485516711073
3.6000000000000014 0.31145375718385354
3.5000000000000013 0.3006383154712058
3.4000000000000012 0.2528424020190842
3.300000000000001 0.22685008023077682
3.200000000000001 0.17055142465995868
3.100000000000001 0.17099018446785483
3.000000000000001 0.0916236913815394
2.900000000000001 0.15218197251582408
2.8000000000000007 0.15050726983886156
2.7000000000000006 0.14804875539625575
2.6000000000000005 0.14704168642941357
2.5000000000000004 0.14615480541518358
2.4000000000000004 0.14530440645725654
2.3000000000000003 0.1441270314157813
2.2 0.14273993383578232
2.1 0.14073993452764982
2.0 0.13866245195186683
1.9 0.1365291542173655
1.7999999999999998 0.13447908063371503
1.6999999999999997 0.13251698217701502
1.5999999999999996 0.12995493578564207
1.4999999999999996 0.12748578117290565
1.3999999999999995 0.12508655154202997
1.2999999999999994 0.12210496587805687
1.1999999999999993 0.11937905111208297
1.0999999999999992 0.11717074570392734
0.9999999999999992 0.11506039662639819
0.8999999999999992 0.11287825870561378
0.7999999999999993 0.008638222531327042
0.6999999999999993 0.008758403449085225
0.5999999999999993 0.008303604033771771
0.49999999999999933 0.007286734159212445
0.39999999999999936 0.007202658321383112
0.2999999999999994 0.006080493579064364
0.19999999999999937 0.005751641183115073
0.09999999999999937 -0.0014809104433963379
-6.38378239159465e-16 0.0035173397005086354
