***************************************
LOG STARTED: Tue, 10 Apr 2018 15:41:47
***************************************
LOG STARTED: Tue, 10 Apr 2018 15:43:16
***************************************
LOG STARTED: Wed, 11 Apr 2018 11:59:06
***************************************
LOG STARTED: Wed, 11 Apr 2018 12:00:13
***************************************
LOG STARTED: Wed, 11 Apr 2018 12:00:29
***************************************
LOG STARTED: Wed, 11 Apr 2018 12:00:53
***************************************
LOG STARTED: Wed, 11 Apr 2018 12:01:10
***************************************
LOG STARTED: Wed, 11 Apr 2018 12:01:22
***************************************
LOG STARTED: Wed, 11 Apr 2018 13:41:09
***************************************
LOG STARTED: Wed, 11 Apr 2018 13:51:07
***************************************
LOG STARTED: Wed, 11 Apr 2018 14:01:43
***************************************
LOG STARTED: Wed, 11 Apr 2018 14:02:37
***************************************
LOG STARTED: Wed, 11 Apr 2018 15:07:06
***************************************
LOG STARTED: Wed, 11 Apr 2018 15:10:04
***************************************
LOG STARTED: Wed, 11 Apr 2018 15:10:27
***************************************
LOG STARTED: Wed, 11 Apr 2018 15:12:20
***************************************
LOG STARTED: Wed, 11 Apr 2018 15:12:59
***************************************
LOG STARTED: Wed, 11 Apr 2018 15:45:10
***************************************
LOG STARTED: Wed, 11 Apr 2018 15:45:30
***************************************
LOG STARTED: Wed, 11 Apr 2018 15:51:41
***************************************
LOG STARTED: Wed, 11 Apr 2018 16:22:57
***************************************
LOG STARTED: Wed, 11 Apr 2018 16:23:05
***************************************
LOG STARTED: Wed, 11 Apr 2018 16:23:42
TestVector IC: 01, tu=100, per=2, r=2, s=0, pd=50
***************************************
LOG STARTED: Wed, 11 Apr 2018 16:24:17
TestVector IC: 01, tu=100, per=2, r=2, s=0, pd=50
***************************************
LOG STARTED: Wed, 11 Apr 2018 16:24:44
TestVector IC: 01, tu=100, per=2, r=2, s=0, pd=50
***************************************
LOG STARTED: Wed, 11 Apr 2018 16:25:42
TestVector IC: 01, tu=100, per=2, r=2, s=0, pd=50
***************************************
LOG STARTED: Wed, 11 Apr 2018 16:27:21
TestVector IC: 01, tu=100, per=2, r=2, s=0, pd=5
***************************************
LOG STARTED: Wed, 11 Apr 2018 16:27:31
TestVector IC: 01, tu=100, per=2, r=2, s=0, pd=5
***************************************
LOG STARTED: Wed, 11 Apr 2018 16:29:20
TestVector IC: 01, tu=100, per=2, r=2, s=0, pd=5
***************************************
LOG STARTED: Wed, 11 Apr 2018 16:30:07
TestVector IC: 01, tu=100, per=2, r=2, s=0, pd=5
***************************************
LOG STARTED: Thu, 12 Apr 2018 08:38:07
TestVector IC: 01, tu=100, per=2, r=2, s=0, pd=5
***************************************
LOG STARTED: Thu, 12 Apr 2018 08:39:34
TestVector IC: 01, tu=100, per=2, r=2, s=0, pd=5
***************************************
LOG STARTED: Thu, 12 Apr 2018 08:42:21
TestVector IC: 01, tu=100, per=2, r=2, s=0, pd=5
***************************************
LOG STARTED: Thu, 12 Apr 2018 08:43:41
TestVector IC: 01, tu=100, per=2, r=2, s=0, pd=5
***************************************
LOG STARTED: Thu, 12 Apr 2018 08:45:48
TestVector IC: 01, tu=100, per=2, r=2, s=0, pd=5
***************************************
LOG STARTED: Thu, 12 Apr 2018 08:46:03
TestVector IC: 01, tu=100, per=2, r=2, s=0, pd=5
***************************************
LOG STARTED: Thu, 12 Apr 2018 08:46:13
TestVector IC: 01, tu=100, per=2, r=2, s=0, pd=5
***************************************
LOG STARTED: Mon, 16 Apr 2018 10:44:43
TestVector IC: 01, tu=100, per=2, r=2, s=0, pd=5
***************************************
LOG STARTED: Mon, 16 Apr 2018 10:44:58
TestVector IC: 01, tu=100, per=2, r=2, s=0, pd=5
***************************************
LOG STARTED: Mon, 16 Apr 2018 10:49:26
TestVector IC: 01, tu=100, per=2, r=2, s=0, pd=5
***************************************
LOG STARTED: Mon, 16 Apr 2018 10:50:54
TestVector IC: 01, tu=100, per=2, r=2, s=0, pd=5
***************************************
LOG STARTED: Mon, 16 Apr 2018 11:03:04
TestVector IC: 01, tu=100, per=2, r=2, s=0, pd=5
***************************************
LOG STARTED: Mon, 16 Apr 2018 11:04:22
TestVector IC: 01, tu=100, per=2, r=2, s=0, pd=5
***************************************
LOG STARTED: Mon, 16 Apr 2018 11:05:21
TestVector IC: 01, tu=100, per=2, r=2, s=0, pd=5
***************************************
LOG STARTED: Mon, 16 Apr 2018 11:05:43
TestVector IC: 01, tu=100, per=2, r=2, s=0, pd=5
***************************************
LOG STARTED: Mon, 16 Apr 2018 11:06:54
TestVector IC: 01, tu=100, per=2, r=2, s=0, pd=5
***************************************
LOG STARTED: Mon, 16 Apr 2018 11:07:14
TestVector IC: 01, tu=100, per=2, r=2, s=0, pd=5
***************************************
LOG STARTED: Mon, 16 Apr 2018 11:07:56
TestVector IC: 01, tu=100, per=2, r=2, s=0, pd=5
***************************************
LOG STARTED: Mon, 16 Apr 2018 11:13:34
TestVector IC: 01, tu=100, per=2, r=2, s=0, pd=5
***************************************
LOG STARTED: Mon, 16 Apr 2018 11:28:36
TestVector IC: 01, tu=100, per=2, r=2, s=0, pd=5
***************************************
LOG STARTED: Mon, 16 Apr 2018 13:25:46
TestVector IC: 01, tu=100, per=2, r=2, s=0, pd=5
***************************************
LOG STARTED: Mon, 16 Apr 2018 13:31:53
TestVector IC: 01, tu=100, per=2, r=2, s=0, pd=5
***************************************
LOG STARTED: Mon, 16 Apr 2018 13:32:47
TestVector IC: 01, tu=100, per=2, r=2, s=0, pd=5
***************************************
LOG STARTED: Mon, 16 Apr 2018 13:34:44
TestVector IC: 01, tu=100, per=2, r=2, s=0, pd=5
***************************************
LOG STARTED: Tue, 24 Apr 2018 13:44:11
TestVector IC: 01, tu=100, per=2, r=2, s=0, pd=5
***************************************
LOG STARTED: Tue, 24 Apr 2018 13:44:23
TestVector IC: 01, tu=100, per=2, r=2, s=0, pd=5
***************************************
LOG STARTED: Tue, 24 Apr 2018 13:45:05
TestVector IC: 01, tu=100, per=2, r=2, s=0, pd=5
***************************************
LOG STARTED: Tue, 24 Apr 2018 13:50:13
TestVector IC: 01, tu=100, per=2, r=2, s=0, pd=5
***************************************
LOG STARTED: Tue, 24 Apr 2018 13:50:23
TestVector IC: 01, tu=100, per=2, r=2, s=0, pd=5
***************************************
LOG STARTED: Tue, 24 Apr 2018 14:28:40
TestVector IC: 01, tu=100, per=2, r=2, s=0, pd=5
***************************************
LOG STARTED: Tue, 24 Apr 2018 14:29:38
TestVector IC: 01, tu=100, per=2, r=2, s=0, pd=5
***************************************
LOG STARTED: Tue, 24 Apr 2018 14:30:11
TestVector IC: 01, tu=100, per=2, r=2, s=0, pd=5
***************************************
LOG STARTED: Tue, 24 Apr 2018 14:33:21
TestVector IC: 01, tu=100, per=2, r=2, s=0, pd=5
***************************************
LOG STARTED: Tue, 24 Apr 2018 14:35:59
TestVector IC: 01, tu=100, per=2, r=2, s=0, pd=5
***************************************
LOG STARTED: Tue, 24 Apr 2018 15:08:16
TestVector IC: 01, tu=100, per=2, r=2, s=0, pd=5
***************************************
LOG STARTED: Wed, 25 Apr 2018 09:58:18
TestVector IC: 01, tu=100, per=2, r=2, s=0, pd=5
***************************************
LOG STARTED: Wed, 25 Apr 2018 10:00:29
TestVector IC: 01, tu=100, per=2, r=2, s=0, pd=5
***************************************
LOG STARTED: Wed, 25 Apr 2018 10:01:56
TestVector IC: 01, tu=100, per=2, r=2, s=0, pd=5
***************************************
LOG STARTED: Wed, 25 Apr 2018 10:06:13
TestVector IC: 01, tu=100, per=2, r=2, s=0, pd=5
***************************************
LOG STARTED: Wed, 25 Apr 2018 10:07:07
TestVector IC: 01, tu=100, per=2, r=2, s=0, pd=5
***************************************
LOG STARTED: Wed, 25 Apr 2018 10:08:03
TestVector IC: 01, tu=100, per=2, r=2, s=0, pd=5
***************************************
LOG STARTED: Wed, 25 Apr 2018 10:08:53
TestVector IC: 01, tu=100, per=2, r=2, s=0, pd=5
***************************************
LOG STARTED: Wed, 25 Apr 2018 10:09:38
TestVector IC: 01, tu=100, per=2, r=2, s=0, pd=5
***************************************
LOG STARTED: Wed, 25 Apr 2018 10:10:10
TestVector IC: 01, tu=100, per=2, r=2, s=0, pd=5
***************************************
LOG STARTED: Wed, 25 Apr 2018 10:10:31
TestVector IC: 01, tu=100, per=2, r=2, s=0, pd=5
***************************************
LOG STARTED: Wed, 25 Apr 2018 10:11:44
TestVector IC: 01, tu=100, per=2, r=2, s=0, pd=5
***************************************
LOG STARTED: Wed, 25 Apr 2018 10:30:27
TestVector IC: 01, tu=100, per=2, r=2, s=0, pd=5
***************************************
LOG STARTED: Wed, 25 Apr 2018 10:48:03
TestVector IC: 01, tu=100, per=2, r=2, s=0, pd=5
***************************************
LOG STARTED: Wed, 25 Apr 2018 11:57:00
TestVector IC: 01, tu=100, per=2, r=2, s=0, pd=5
***************************************
LOG STARTED: Wed, 25 Apr 2018 12:10:47
TestVector IC: 01, tu=100, per=2, r=2, s=0, pd=5
***************************************
LOG STARTED: Wed, 25 Apr 2018 12:12:04
TestVector IC: 01, tu=100, per=2, r=2, s=0, pd=5
***************************************
LOG STARTED: Wed, 25 Apr 2018 12:12:43
TestVector IC: 01, tu=100, per=2, r=2, s=0, pd=5
***************************************
LOG STARTED: Wed, 25 Apr 2018 12:13:26
TestVector IC: 01, tu=100, per=2, r=2, s=0, pd=5
***************************************
LOG STARTED: Wed, 25 Apr 2018 12:13:47
TestVector IC: 01, tu=100, per=2, r=2, s=0, pd=5
***************************************
LOG STARTED: Wed, 25 Apr 2018 12:14:28
TestVector IC: 01, tu=100, per=2, r=2, s=0, pd=5
***************************************
LOG STARTED: Wed, 25 Apr 2018 12:14:53
TestVector IC: 01, tu=100, per=2, r=2, s=0, pd=5
***************************************
LOG STARTED: Wed, 25 Apr 2018 12:18:57
TestVector IC: 01, tu=100, per=2, r=2, s=0, pd=5
***************************************
LOG STARTED: Wed, 25 Apr 2018 12:19:37
TestVector IC: 01, tu=100, per=2, r=2, s=0, pd=5
***************************************
LOG STARTED: Wed, 25 Apr 2018 12:21:10
TestVector IC: 01, tu=100, per=2, r=2, s=0, pd=5
***************************************
LOG STARTED: Wed, 25 Apr 2018 12:22:36
TestVector IC: 01, tu=100, per=2, r=2, s=0, pd=5
***************************************
LOG STARTED: Wed, 25 Apr 2018 12:23:03
TestVector IC: 01, tu=100, per=2, r=2, s=0, pd=5
***************************************
LOG STARTED: Wed, 25 Apr 2018 12:29:04
TestVector IC: 01, tu=100, per=2, r=2, s=0, pd=5
***************************************
LOG STARTED: Wed, 25 Apr 2018 12:29:42
TestVector IC: 01, tu=100, per=2, r=2, s=0, pd=5
***************************************
LOG STARTED: Wed, 25 Apr 2018 12:29:53
TestVector IC: 01, tu=100, per=2, r=2, s=0, pd=5
***************************************
LOG STARTED: Wed, 25 Apr 2018 12:31:27
TestVector IC: 01, tu=100, per=2, r=2, s=0, pd=5
***************************************
LOG STARTED: Wed, 25 Apr 2018 12:32:27
TestVector IC: 01, tu=100, per=2, r=2, s=0, pd=5
***************************************
LOG STARTED: Wed, 25 Apr 2018 12:33:44
TestVector IC: 01, tu=100, per=2, r=2, s=0, pd=5
***************************************
LOG STARTED: Wed, 25 Apr 2018 12:34:14
TestVector IC: 01, tu=100, per=2, r=2, s=0, pd=5
***************************************
LOG STARTED: Wed, 25 Apr 2018 12:37:54
TestVector IC: 01, tu=100, per=2, r=2, s=0, pd=5
***************************************
LOG STARTED: Wed, 25 Apr 2018 12:38:20
TestVector IC: 01, tu=100, per=2, r=2, s=0, pd=5
***************************************
LOG STARTED: Wed, 25 Apr 2018 12:39:31
TestVector IC: 01, tu=100, per=2, r=2, s=0, pd=5
***************************************
LOG STARTED: Wed, 25 Apr 2018 12:42:25
TestVector IC: 01, tu=100, per=2, r=2, s=0, pd=5
***************************************
LOG STARTED: Wed, 25 Apr 2018 12:48:20
***************************************
LOG STARTED: Wed, 25 Apr 2018 12:51:32
TestVector IC: 01, tu=100, per=2, r=2, s=0, pd=5
***************************************
LOG STARTED: Wed, 25 Apr 2018 13:01:19
TestVector IC: 01, tu=100, per=2, r=2, s=0, pd=5
***************************************
LOG STARTED: Wed, 25 Apr 2018 13:01:43
TestVector IC: 01, tu=100, per=2, r=2, s=0, pd=5
***************************************
LOG STARTED: Wed, 25 Apr 2018 13:39:30
TestVector IC: 01, tu=100, per=2, r=2, s=0, pd=5
***************************************
LOG STARTED: Wed, 25 Apr 2018 14:03:25
***************************************
LOG STARTED: Wed, 25 Apr 2018 14:03:44
