***************************************
LOG STARTED: Tue, 10 Apr 2018 10:13:30
***************************************
LOG STARTED: Tue, 10 Apr 2018 10:21:03
***************************************
LOG STARTED: Tue, 10 Apr 2018 10:21:37
***************************************
LOG STARTED: Tue, 10 Apr 2018 10:22:21
***************************************
LOG STARTED: Tue, 10 Apr 2018 10:23:41
***************************************
LOG STARTED: Tue, 10 Apr 2018 10:57:19
***************************************
LOG STARTED: Tue, 10 Apr 2018 11:03:14
***************************************
LOG STARTED: Tue, 10 Apr 2018 11:53:12
***************************************
LOG STARTED: Tue, 10 Apr 2018 11:53:51
***************************************
LOG STARTED: Tue, 10 Apr 2018 13:59:47
***************************************
LOG STARTED: Tue, 10 Apr 2018 14:00:14
***************************************
LOG STARTED: Tue, 10 Apr 2018 14:11:38
***************************************
LOG STARTED: Tue, 10 Apr 2018 14:11:55
***************************************
LOG STARTED: Tue, 10 Apr 2018 14:14:51
***************************************
LOG STARTED: Tue, 10 Apr 2018 14:15:09
***************************************
LOG STARTED: Tue, 10 Apr 2018 14:16:07
***************************************
LOG STARTED: Tue, 10 Apr 2018 14:16:22
***************************************
LOG STARTED: Tue, 10 Apr 2018 14:24:14
***************************************
LOG STARTED: Tue, 10 Apr 2018 14:26:16
***************************************
LOG STARTED: Tue, 10 Apr 2018 14:27:58
***************************************
LOG STARTED: Tue, 10 Apr 2018 14:39:18
***************************************
LOG STARTED: Tue, 10 Apr 2018 14:41:15
***************************************
LOG STARTED: Tue, 10 Apr 2018 14:44:25
***************************************
LOG STARTED: Tue, 10 Apr 2018 14:44:59
***************************************
LOG STARTED: Tue, 10 Apr 2018 14:45:56
***************************************
LOG STARTED: Wed, 11 Apr 2018 10:02:21
***************************************
LOG STARTED: Wed, 11 Apr 2018 10:04:56
***************************************
LOG STARTED: Wed, 11 Apr 2018 10:06:00
***************************************
LOG STARTED: Wed, 11 Apr 2018 10:39:04
***************************************
LOG STARTED: Wed, 11 Apr 2018 10:41:03
***************************************
LOG STARTED: Wed, 11 Apr 2018 10:41:48
***************************************
LOG STARTED: Wed, 11 Apr 2018 10:42:42
***************************************
LOG STARTED: Wed, 11 Apr 2018 10:43:03
***************************************
LOG STARTED: Wed, 11 Apr 2018 10:45:37
***************************************
LOG STARTED: Wed, 11 Apr 2018 10:51:08
***************************************
LOG STARTED: Wed, 11 Apr 2018 10:51:16
***************************************
LOG STARTED: Wed, 11 Apr 2018 10:51:50
***************************************
LOG STARTED: Wed, 11 Apr 2018 10:52:11
***************************************
LOG STARTED: Wed, 11 Apr 2018 11:01:49
***************************************
LOG STARTED: Wed, 11 Apr 2018 11:01:58
***************************************
LOG STARTED: Wed, 11 Apr 2018 11:02:20
***************************************
LOG STARTED: Wed, 11 Apr 2018 11:03:02
***************************************
LOG STARTED: Wed, 11 Apr 2018 11:35:30
***************************************
LOG STARTED: Wed, 11 Apr 2018 11:35:39
***************************************
LOG STARTED: Wed, 11 Apr 2018 11:43:21
***************************************
LOG STARTED: Wed, 11 Apr 2018 11:44:23
***************************************
LOG STARTED: Wed, 11 Apr 2018 11:45:00
***************************************
LOG STARTED: Wed, 11 Apr 2018 11:51:14
***************************************
LOG STARTED: Fri, 13 Apr 2018 14:40:02
***************************************
LOG STARTED: Fri, 13 Apr 2018 14:42:42
***************************************
LOG STARTED: Fri, 13 Apr 2018 14:57:46
***************************************
LOG STARTED: Fri, 13 Apr 2018 15:07:24
***************************************
LOG STARTED: Fri, 13 Apr 2018 15:10:06
***************************************
LOG STARTED: Fri, 13 Apr 2018 15:10:13
***************************************
LOG STARTED: Fri, 13 Apr 2018 15:10:26
***************************************
LOG STARTED: Fri, 13 Apr 2018 15:11:35
***************************************
LOG STARTED: Fri, 13 Apr 2018 15:17:16
***************************************
LOG STARTED: Fri, 13 Apr 2018 15:19:03
***************************************
LOG STARTED: Fri, 13 Apr 2018 15:30:46
Calculate initial margins
Calculate margins for parameter ajtl.j1
Parameter ajtl.j1 does not have margins
Margins for parameter ajtl.j1 [0.00,0.00], required 0.30
Calculate margins for parameter ajtl.j2
Parameter ajtl.j2 does not have margins
Margins for parameter ajtl.j2 [0.00,0.00], required 0.30
ERROR: some parameter(s) does not have margins. Circuit does not work in initial point
***************************************
LOG STARTED: Tue, 19 Jun 2018 13:38:56
***************************************
LOG STARTED: Wed, 01 Aug 2018 11:14:32
